<?xml version="1.0" encoding="UTF-8"?>
<testng-results ignored="0" total="2" passed="2" failed="0" skipped="0">
  <reporter-output>
  </reporter-output>
  <suite started-at="2025-03-20T11:11:37 IST" name="AutomationSuite" finished-at="2025-03-20T11:12:25 IST" duration-ms="47593">
    <groups>
    </groups>
    <test started-at="2025-03-20T11:11:37 IST" name="LoginTests" finished-at="2025-03-20T11:12:25 IST" duration-ms="47593">
      <class name="org.example.TapPharmacy.SalesReturn">
        <test-method is-config="true" signature="setUp()[pri:0, instance:org.example.TapPharmacy.SalesReturn@1cf6d1be]" started-at="2025-03-20T11:11:37 IST" name="setUp" finished-at="2025-03-20T11:11:59 IST" duration-ms="22098" status="PASS">
          <reporter-output>
          </reporter-output>
        </test-method> <!-- setUp -->
        <test-method signature="testLogin()[pri:1, instance:org.example.TapPharmacy.SalesReturn@1cf6d1be]" started-at="2025-03-20T11:11:59 IST" name="testLogin" finished-at="2025-03-20T11:12:25 IST" duration-ms="25141" status="PASS">
          <reporter-output>
          </reporter-output>
        </test-method> <!-- testLogin -->
        <test-method signature="testLocationSelection()[pri:2, instance:org.example.TapPharmacy.SalesReturn@1cf6d1be]" started-at="2025-03-20T11:12:25 IST" name="testLocationSelection" finished-at="2025-03-20T11:12:25 IST" depends-on-methods="org.example.LoginUtil.LoginAndLocationTest.testLogin" duration-ms="3" status="PASS">
          <reporter-output>
          </reporter-output>
        </test-method> <!-- testLocationSelection -->
        <test-method is-config="true" signature="tearDown()[pri:0, instance:org.example.TapPharmacy.SalesReturn@1cf6d1be]" started-at="2025-03-20T11:12:25 IST" name="tearDown" finished-at="2025-03-20T11:12:25 IST" duration-ms="288" status="PASS">
          <reporter-output>
          </reporter-output>
        </test-method> <!-- tearDown -->
      </class> <!-- org.example.TapPharmacy.SalesReturn -->
    </test> <!-- LoginTests -->
  </suite> <!-- AutomationSuite -->
</testng-results>
