<?xml version="1.0" encoding="UTF-8"?>
<testsuite xmlns:xsi="http://www.w3.org/2001/XMLSchema-instance" xsi:noNamespaceSchemaLocation="https://maven.apache.org/surefire/maven-surefire-plugin/xsd/surefire-test-report-3.0.xsd" version="3.0" name="TestSuite" time="48.533" tests="2" errors="0" skipped="0" failures="0">
  <properties>
[...]
</properties>
  <testcase name="testLogin" classname="org.example.TapPharmacy.SalesReturn" time="25.176">
    <system-out><![CDATA[Test Started: testLogin
Attempt 1 for user: FAC-989-support
Login Successfully Welcome
Message Update Login Successfully_FAC-989-support
Response message saved to DB successfully.
Test Success: testLogin
]]></system-out>
    <system-err><![CDATA[Mar 20, 2025 11:11:37 AM org.openqa.selenium.remote.service.DriverService$Builder getLogOutput
INFO: Driver logs no longer sent to console by default; https://www.selenium.dev/documentation/webdriver/drivers/service/#setting-log-output
Mar 20, 2025 11:11:42 AM org.openqa.selenium.devtools.CdpVersionFinder findNearestMatch
WARNING: Unable to find CDP implementation matching 134
Mar 20, 2025 11:11:42 AM org.openqa.selenium.chromium.ChromiumDriver lambda$new$4
WARNING: Unable to find version of CDP to use for . You may need to include a dependency on a specific version of the CDP using something similar to `org.seleniumhq.selenium:selenium-devtools-v86:4.10.0` where the version ("v86") matches the version of the chromium-based browser you're using and the version number of the artifact is the same as Selenium's.
]]></system-err>
  </testcase>
  <testcase name="testLocationSelection" classname="org.example.TapPharmacy.SalesReturn" time="0.002">
    <system-out><![CDATA[Test Started: testLocationSelection
Test Success: testLocationSelection
]]></system-out>
  </testcase>
</testsuite>